<?xml version="1.0" encoding="UTF-8"?>
<!-- Generated by org.testng.reporters.JUnitReportReporter -->
<testsuite hostname="DESKTOP-A12HDLH" name="RunnnerPackage.BestBuyRunner" tests="7" failures="0" timestamp="26 May 2022 10:24:54 GMT" time="3.108" errors="0">
  <testcase name="runScenario" time="0.095" classname="RunnnerPackage.BestBuyRunner"/>
  <testcase name="runScenario" time="0.031" classname="RunnnerPackage.BestBuyRunner"/>
  <testcase name="runScenario" time="0.022" classname="RunnnerPackage.BestBuyRunner"/>
  <testcase name="runScenario" time="1.718" classname="RunnnerPackage.BestBuyRunner"/>
  <testcase name="runScenario" time="0.131" classname="RunnnerPackage.BestBuyRunner"/>
  <testcase name="runScenario" time="0.186" classname="RunnnerPackage.BestBuyRunner"/>
  <testcase name="runScenario" time="0.925" classname="RunnnerPackage.BestBuyRunner"/>
</testsuite> <!-- RunnnerPackage.BestBuyRunner -->
