<?xml version="1.0" encoding="UTF-8"?>
<!-- Generated by org.testng.reporters.JUnitReportReporter -->
<testsuite hostname="DESKTOP-A12HDLH" name="RunnnerPackage.MarshallingUnmarshallingRunner" tests="2" failures="0" timestamp="26 May 2022 16:47:20 GMT" time="0.943" errors="0">
  <testcase name="runScenario" time="0.905" classname="RunnnerPackage.MarshallingUnmarshallingRunner"/>
  <testcase name="runScenario" time="0.038" classname="RunnnerPackage.MarshallingUnmarshallingRunner"/>
</testsuite> <!-- RunnnerPackage.MarshallingUnmarshallingRunner -->
