<?xml version="1.0" encoding="UTF-8"?>
<!-- Generated by org.testng.reporters.JUnitReportReporter -->
<testsuite hostname="DESKTOP-A12HDLH" name="RunnnerPackage.ReqResInRunner" tests="1" failures="0" timestamp="26 May 2022 10:40:27 GMT" time="1.939" errors="0">
  <testcase name="runScenario" time="1.939" classname="RunnnerPackage.ReqResInRunner"/>
</testsuite> <!-- RunnnerPackage.ReqResInRunner -->
